C:\Program Files (x86)\Microsoft Visual Studio\2017\Community\Common7\IDE\VC\VCTargets\Microsoft.CppBuild.targets(372,5): warning MSB8004: Intermediate 目錄結尾不是結尾斜線。這個建置執行個體將會加入此斜線，因為這樣才能正確評估 Intermediate 目錄。
C:\Program Files (x86)\Microsoft Visual Studio\2017\Community\Common7\IDE\VC\VCTargets\Microsoft.CppBuild.targets(373,5): warning MSB8004: Output 目錄結尾不是結尾斜線。這個建置執行個體將會加入此斜線，因為這樣才能正確評估 Output 目錄。
  main.c
c:\users\劉家誠\desktop\北科上課用\程式語言\final project\source\main.c(7): warning C4013: 'time' 未定義; 假設 extern 傳回整數
c:\users\劉家誠\desktop\北科上課用\程式語言\final project\source\main.c(32): warning C4996: 'scanf': This function or variable may be unsafe. Consider using scanf_s instead. To disable deprecation, use _CRT_SECURE_NO_WARNINGS. See online help for details.
  c:\program files (x86)\windows kits\10\include\10.0.10240.0\ucrt\stdio.h(1270): note: 請參閱 'scanf' 的宣告
c:\users\劉家誠\desktop\北科上課用\程式語言\final project\source\main.c(34): warning C4996: 'scanf': This function or variable may be unsafe. Consider using scanf_s instead. To disable deprecation, use _CRT_SECURE_NO_WARNINGS. See online help for details.
  c:\program files (x86)\windows kits\10\include\10.0.10240.0\ucrt\stdio.h(1270): note: 請參閱 'scanf' 的宣告
c:\users\劉家誠\desktop\北科上課用\程式語言\final project\source\main.c(71): warning C4996: 'scanf': This function or variable may be unsafe. Consider using scanf_s instead. To disable deprecation, use _CRT_SECURE_NO_WARNINGS. See online help for details.
  c:\program files (x86)\windows kits\10\include\10.0.10240.0\ucrt\stdio.h(1270): note: 請參閱 'scanf' 的宣告
c:\users\劉家誠\desktop\北科上課用\程式語言\final project\source\main.c(73): warning C4996: 'scanf': This function or variable may be unsafe. Consider using scanf_s instead. To disable deprecation, use _CRT_SECURE_NO_WARNINGS. See online help for details.
  c:\program files (x86)\windows kits\10\include\10.0.10240.0\ucrt\stdio.h(1270): note: 請參閱 'scanf' 的宣告
c:\users\劉家誠\desktop\北科上課用\程式語言\final project\source\main.c(112): warning C4996: 'scanf': This function or variable may be unsafe. Consider using scanf_s instead. To disable deprecation, use _CRT_SECURE_NO_WARNINGS. See online help for details.
  c:\program files (x86)\windows kits\10\include\10.0.10240.0\ucrt\stdio.h(1270): note: 請參閱 'scanf' 的宣告
c:\users\劉家誠\desktop\北科上課用\程式語言\final project\source\main.c(114): warning C4996: 'scanf': This function or variable may be unsafe. Consider using scanf_s instead. To disable deprecation, use _CRT_SECURE_NO_WARNINGS. See online help for details.
  c:\program files (x86)\windows kits\10\include\10.0.10240.0\ucrt\stdio.h(1270): note: 請參閱 'scanf' 的宣告
c:\users\劉家誠\desktop\北科上課用\程式語言\final project\source\main.c(136): warning C4996: 'scanf': This function or variable may be unsafe. Consider using scanf_s instead. To disable deprecation, use _CRT_SECURE_NO_WARNINGS. See online help for details.
  c:\program files (x86)\windows kits\10\include\10.0.10240.0\ucrt\stdio.h(1270): note: 請參閱 'scanf' 的宣告
c:\users\劉家誠\desktop\北科上課用\程式語言\final project\source\main.c(138): warning C4996: 'scanf': This function or variable may be unsafe. Consider using scanf_s instead. To disable deprecation, use _CRT_SECURE_NO_WARNINGS. See online help for details.
  c:\program files (x86)\windows kits\10\include\10.0.10240.0\ucrt\stdio.h(1270): note: 請參閱 'scanf' 的宣告
c:\users\劉家誠\desktop\北科上課用\程式語言\final project\source\main.c(8): warning C4101: 'f': 未參考的區域變數
c:\users\劉家誠\desktop\北科上課用\程式語言\final project\source\main.c(8): warning C4101: 'h': 未參考的區域變數
c:\users\劉家誠\desktop\北科上課用\程式語言\final project\source\main.c(184): warning C4098: 'winlose': 'void' 函式正在傳回值
  final project.vcxproj -> C:\Users\劉家誠\Desktop\北科上課用\程式語言\final project\final project\final project\..\..\temp\debug\final project.exe
  final project.vcxproj -> ..\..\temp\debug\final project.pdb (Partial PDB)
